2021-11-26T20:36:15: PM2 log: ===============================================================================
2021-11-26T20:36:15: PM2 log: --- New PM2 Daemon started ----------------------------------------------------
2021-11-26T20:36:15: PM2 log: Time                 : Fri Nov 26 2021 20:36:15 GMT+0630 (Myanmar Time)
2021-11-26T20:36:15: PM2 log: PM2 version          : 4.5.6
2021-11-26T20:36:15: PM2 log: Node.js version      : 16.11.1
2021-11-26T20:36:15: PM2 log: Current arch         : arm64
2021-11-26T20:36:15: PM2 log: PM2 home             : ./.pm2
2021-11-26T20:36:15: PM2 log: PM2 PID file         : /Users/thantsintoe/shardus/shardium-server/.pm2/pm2.pid
2021-11-26T20:36:15: PM2 log: RPC socket file      : /Users/thantsintoe/shardus/shardium-server/.pm2/rpc.sock
2021-11-26T20:36:15: PM2 log: BUS socket file      : /Users/thantsintoe/shardus/shardium-server/.pm2/pub.sock
2021-11-26T20:36:15: PM2 log: Application log path : /Users/thantsintoe/shardus/shardium-server/.pm2/logs
2021-11-26T20:36:15: PM2 log: Worker Interval      : 30000
2021-11-26T20:36:15: PM2 log: Process dump file    : /Users/thantsintoe/shardus/shardium-server/.pm2/dump.pm2
2021-11-26T20:36:15: PM2 log: Concurrent actions   : 2
2021-11-26T20:36:15: PM2 log: SIGTERM timeout      : 1600
2021-11-26T20:36:15: PM2 log: ===============================================================================
2021-11-26T20:36:15: PM2 log: App [server:0] starting in -fork mode-
2021-11-26T20:36:15: PM2 log: App [server:0] online
2021-11-26T20:36:16: PM2 log: App [server:1] starting in -fork mode-
2021-11-26T20:36:16: PM2 log: App [server:1] online
