[2021-11-26T20:01:43.214] [ERROR] main - p2p/Utils:robustQuery:queryNodes: TypeError: Cannot read properties of null (reading 'newestCycle')
    at queryFn (/Users/thantsintoe/shardus/shardium-server/node_modules/archive-server/src/Data/Data.ts:448:21)
    at runMicrotasks (<anonymous>)
    at processTicksAndRejections (node:internal/process/task_queues:96:5)
    at wrappedQuery (/Users/thantsintoe/shardus/shardium-server/node_modules/archive-server/src/Utils.ts:210:24)
    at wrapPromise (/Users/thantsintoe/shardus/shardium-server/node_modules/archive-server/src/Utils.ts:82:22)
    at async Promise.all (index 0)
    at robustPromiseAll (/Users/thantsintoe/shardus/shardium-server/node_modules/archive-server/src/Utils.ts:97:26)
    at queryNodes (/Users/thantsintoe/shardus/shardium-server/node_modules/archive-server/src/Utils.ts:220:29)
    at Object.robustQuery (/Users/thantsintoe/shardus/shardium-server/node_modules/archive-server/src/Utils.ts:249:19)
    at Object.getNewestCycleFromConsensors (/Users/thantsintoe/shardus/shardium-server/node_modules/archive-server/src/Data/Data.ts:450:28)
[2021-11-26T20:01:43.235] [ERROR] main - In robustQuery stopping since we ran out of nodes to query.
[2021-11-26T20:01:43.235] [ERROR] main - Could not get 1 response from 1 node. Encountered 1 query errors.
[2021-11-26T20:26:51.892] [ERROR] main - p2p/Utils:robustQuery:queryNodes: TypeError: Cannot read properties of null (reading 'newestCycle')
    at queryFn (/Users/thantsintoe/shardus/shardium-server/node_modules/archive-server/src/Data/Data.ts:448:21)
    at processTicksAndRejections (node:internal/process/task_queues:96:5)
    at wrappedQuery (/Users/thantsintoe/shardus/shardium-server/node_modules/archive-server/src/Utils.ts:210:24)
    at wrapPromise (/Users/thantsintoe/shardus/shardium-server/node_modules/archive-server/src/Utils.ts:82:22)
    at async Promise.all (index 0)
    at robustPromiseAll (/Users/thantsintoe/shardus/shardium-server/node_modules/archive-server/src/Utils.ts:97:26)
    at queryNodes (/Users/thantsintoe/shardus/shardium-server/node_modules/archive-server/src/Utils.ts:220:29)
    at Object.robustQuery (/Users/thantsintoe/shardus/shardium-server/node_modules/archive-server/src/Utils.ts:249:19)
    at Object.getNewestCycleFromConsensors (/Users/thantsintoe/shardus/shardium-server/node_modules/archive-server/src/Data/Data.ts:450:28)
    at exitArchiver (/Users/thantsintoe/shardus/shardium-server/node_modules/archive-server/src/State.ts:93:33)
[2021-11-26T20:26:51.936] [ERROR] main - In robustQuery stopping since we ran out of nodes to query.
[2021-11-26T20:26:51.936] [ERROR] main - Could not get 1 response from 1 node. Encountered 1 query errors.
[2021-11-26T20:28:41.168] [ERROR] main - p2p/Utils:robustQuery:queryNodes: TypeError: Cannot read properties of null (reading 'newestCycle')
    at queryFn (/Users/thantsintoe/shardus/shardium-server/node_modules/archive-server/src/Data/Data.ts:448:21)
    at processTicksAndRejections (node:internal/process/task_queues:96:5)
    at wrappedQuery (/Users/thantsintoe/shardus/shardium-server/node_modules/archive-server/src/Utils.ts:210:24)
    at wrapPromise (/Users/thantsintoe/shardus/shardium-server/node_modules/archive-server/src/Utils.ts:82:22)
    at async Promise.all (index 0)
    at robustPromiseAll (/Users/thantsintoe/shardus/shardium-server/node_modules/archive-server/src/Utils.ts:97:26)
    at queryNodes (/Users/thantsintoe/shardus/shardium-server/node_modules/archive-server/src/Utils.ts:220:29)
    at Object.robustQuery (/Users/thantsintoe/shardus/shardium-server/node_modules/archive-server/src/Utils.ts:249:19)
    at Object.getNewestCycleFromConsensors (/Users/thantsintoe/shardus/shardium-server/node_modules/archive-server/src/Data/Data.ts:450:28)
    at exitArchiver (/Users/thantsintoe/shardus/shardium-server/node_modules/archive-server/src/State.ts:93:33)
[2021-11-26T20:28:41.192] [ERROR] main - In robustQuery stopping since we ran out of nodes to query.
[2021-11-26T20:28:41.192] [ERROR] main - Could not get 1 response from 1 node. Encountered 1 query errors.
